<?xml version="1.0" encoding="UTF-8"?>
<!-- Generated by org.testng.reporters.JUnitReportReporter -->
<testsuite hostname="107402-001L" failures="0" tests="3" name="FirstTest" time="30.676" errors="0" timestamp="2023-02-10T12:35:35 IST" skipped="0">
  <testcase classname="FirstTest" name="SearchTest" time="8.767"/>
  <system-out/>
  <testcase classname="FirstTest" name="VerifyLogo" time="8.626"/>
  <system-out/>
  <testcase classname="FirstTest" name="VerifyTitle" time="13.283"/>
  <system-out/>
</testsuite> <!-- FirstTest -->
